INFO [04-17|10:40:31] Maximum peer count                       ETH=25 LES=0 total=25
INFO [04-17|10:40:31] Starting peer-to-peer node               instance=Geth/v1.8.2-stable-b8b9f7f4/linux-amd64/go1.9.4
INFO [04-17|10:40:31] Allocated cache and file handles         database=/home/kai/Probe1--Dapp/blockchain/node1/geth/chaindata cache=768 handles=512
INFO [04-17|10:40:31] Initialised chain configuration          config="{ChainID: 1 Homestead: 1150000 DAO: 1920000 DAOSupport: true EIP150: 2463000 EIP155: 2675000 EIP158: 2675000 Byzantium: 4370000 Constantinople: <nil> Engine: ethash}"
INFO [04-17|10:40:31] Disk storage enabled for ethash caches   dir=/home/kai/Probe1--Dapp/blockchain/node1/geth/ethash count=3
INFO [04-17|10:40:31] Disk storage enabled for ethash DAGs     dir=/home/kai/.ethash                                   count=2
INFO [04-17|10:40:31] Initialising Ethereum protocol           versions="[63 62]" network=7002017
INFO [04-17|10:40:31] Loaded most recent local header          number=0 hash=d4e567…cb8fa3 td=17179869184
INFO [04-17|10:40:31] Loaded most recent local full block      number=0 hash=d4e567…cb8fa3 td=17179869184
INFO [04-17|10:40:31] Loaded most recent local fast block      number=0 hash=d4e567…cb8fa3 td=17179869184
INFO [04-17|10:40:31] Loaded local transaction journal         transactions=0 dropped=0
INFO [04-17|10:40:31] Regenerated local transaction journal    transactions=0 accounts=0
INFO [04-17|10:40:31] Starting P2P networking 
INFO [04-17|10:40:33] UDP listener up                          self=enode://e77379d1ae6b8fef70a5451e8a6088503661ba6d637812922076ae1c286a66bdabc422e834557b9e6d228fb8b8218db452e8d3356367af53068d2ae5bd792052@[::]:30303
INFO [04-17|10:40:33] RLPx listener up                         self=enode://e77379d1ae6b8fef70a5451e8a6088503661ba6d637812922076ae1c286a66bdabc422e834557b9e6d228fb8b8218db452e8d3356367af53068d2ae5bd792052@[::]:30303
INFO [04-17|10:40:33] IPC endpoint opened                      url=/home/kai/Probe1--Dapp/blockchain/node1/geth.ipc
INFO [04-17|10:40:33] HTTP endpoint opened                     url=http://127.0.0.1:8549                            cors= vhosts=localhost
INFO [04-17|10:40:35] Unlocked account                         address=0x1b36989955Ce535e53377ae94380298EE89BB310
INFO [04-17|10:40:35] Etherbase automatically configured       address=0x1b36989955Ce535e53377ae94380298EE89BB310
INFO [04-17|10:49:02] HTTP endpoint closed                     url=http://127.0.0.1:8549
INFO [04-17|10:49:02] IPC endpoint closed                      endpoint=/home/kai/Probe1--Dapp/blockchain/node1/geth.ipc
INFO [04-17|10:49:02] Blockchain manager stopped 
INFO [04-17|10:49:02] Stopping Ethereum protocol 
INFO [04-17|10:49:03] Ethereum protocol stopped 
INFO [04-17|10:49:03] Transaction pool stopped 
INFO [04-17|10:49:03] Database closed                          database=/home/kai/Probe1--Dapp/blockchain/node1/geth/chaindata
